
  You can now view your Streamlit app in your browser.

  Local URL: http://localhost:8501
  Network URL: http://192.168.4.34:8501
  External URL: http://149.50.162.24:8501

  For better performance, install the Watchdog module:

  $ xcode-select --install
  $ pip install watchdog
            
2025-08-28 21:09:18,772 - INFO - ðŸš€ Starting analysis for URL: eskimi.com
2025-08-28 21:09:18,773 - INFO - ðŸ“ Extracted domain: eskimi.com
2025-08-28 21:09:18,773 - INFO - ðŸŒ Step 1/5: Fetching headers...
2025-08-28 21:09:19,361 - INFO - âœ… Headers fetched: 790 chars
2025-08-28 21:09:19,361 - INFO - ðŸ” Step 2/5: Resolving IP...
2025-08-28 21:09:19,362 - INFO - âœ… IP resolved: 75.2.70.75
2025-08-28 21:09:19,362 - INFO - ðŸ“‹ Step 3/5: Getting WHOIS data...
2025-08-28 21:09:19,983 - ERROR - WHOIS query failed for 75.2.70.75: No match for "AACB0A264E514DD48.AWSGLOBALACCELERATOR.COM".
>>> Last update of whois database: 2025-08-28T20:09:09Z <<<

NOTICE: The expiration date displayed in this record is the date the
registrar's sponsorship of the domain name registration in the registry is
currently set to expire. This date does not necessarily reflect the expiration
date of the domain name registrant's agreement with the sponsoring
registrar.  Users may consult the sponsoring registrar's Whois database to
view the registrar's reported date of expiration for this registration.

TERMS OF USE: You are not authorized to access or query our Whois
database through the use of electronic processes that are high-volume and
automated except as reasonably necessary to register domain names or
modify existing registrations; the Data in VeriSign Global Registry
Services' ("VeriSign") Whois database is provided by VeriSign for
information purposes only, and to assist persons in obtaining information
about or related to a domain name registration record. VeriSign does not
guarantee its accuracy. By submitting a Whois query, you agree to abide
by the following terms of use: You agree that you may use this Data only
for lawful purposes and that under no circumstances will you use this Data
to: (1) allow, enable, or otherwise support the transmission of mass
unsolicited, commercial advertising or solicitations via e-mail, telephone,
or facsimile; or (2) enable high volume, automated, electronic processes
that apply to VeriSign (or its computer systems). The compilation,
repackaging, dissemination or other use of this Data is expressly
prohibited without the prior written consent of VeriSign. You agree not to
use electronic processes that are automated and high-volume to access or
query the Whois database except as reasonably necessary to register
domain names or modify existing registrations. VeriSign reserves the right
to restrict your access to the Whois database in its sole discretion to ensure
operational stability.  VeriSign may restrict or terminate your access to the
Whois database for failure to abide by these terms of use. VeriSign
reserves the right to modify these terms at any time.

The Registry database contains ONLY .COM, .NET, .EDU domains and
Registrars.

2025-08-28 21:09:19,983 - INFO - âœ… WHOIS data fetched: 2323 chars
2025-08-28 21:09:19,983 - INFO - ðŸš€ Step 4/5: Running enhanced provider detection (6 integrations)...
2025-08-28 21:09:19,983 - INFO - ðŸ” Starting comprehensive analysis for domain: eskimi.com
2025-08-28 21:09:19,983 - INFO - ðŸ“Š Step 1/8: Running base provider detection...
2025-08-28 21:09:21,098 - INFO - âœ… Step 1/9: Base detection completed
2025-08-28 21:09:21,098 - INFO - ðŸ“Š Step 2/9: Running SSL certificate analysis...
2025-08-28 21:09:21,189 - INFO - âœ… Step 2/9: SSL analysis completed
2025-08-28 21:09:21,189 - INFO - ðŸ“Š Step 3/9: Running enhanced DNS analysis...
2025-08-28 21:09:21,322 - INFO - âœ… Step 3/9: DNS analysis completed
2025-08-28 21:09:21,322 - INFO - ðŸ“Š Step 4/9: Running geographic intelligence analysis...
2025-08-28 21:09:21,658 - INFO - âœ… Step 4/9: Geographic analysis completed
2025-08-28 21:09:21,658 - INFO - ðŸ“Š Step 5/9: Running BGP analysis...
2025-08-28 21:09:27,677 - INFO - âœ… Step 5/9: BGP analysis completed
2025-08-28 21:09:27,677 - INFO - ðŸ“Š Step 6/9: Running advanced BGP customer classification...
2025-08-28 21:09:27,677 - INFO - âœ… Step 6/9: Advanced BGP classification completed
2025-08-28 21:09:27,677 - INFO - ðŸ“Š Step 7/9: Running threat intelligence analysis...
2025-08-28 21:09:28,471 - INFO - âœ… Step 7/9: Threat intelligence analysis completed
2025-08-28 21:09:28,471 - INFO - ðŸ“Š Step 8/9: Running Shodan premium WAF analysis...
2025-08-28 21:09:32,631 - INFO - âœ… Step 8/9: Shodan WAF analysis completed
2025-08-28 21:09:32,631 - INFO - ðŸ“Š Step 9/9: Running cross-validation and final calculations...
2025-08-28 21:09:32,631 - INFO - âœ… Step 9/9: Cross-validation completed
2025-08-28 21:09:32,631 - INFO - âœ… Comprehensive analysis completed for eskimi.com
2025-08-28 21:09:32,631 - INFO - âœ… Enhanced provider detection completed!
2025-08-28 21:09:32,631 - INFO - ðŸ”§ Debug: COMPREHENSIVE_ANALYSIS_AVAILABLE = True
2025-08-28 21:09:32,631 - INFO - ðŸ” Step 5/5: Running comprehensive analysis (Full DNS, Subdomains, Headers)...
2025-08-28 21:09:32,631 - INFO - ðŸ” Comprehensive Analysis integration initialized
2025-08-28 21:09:32,631 - INFO - ðŸ” Starting comprehensive analysis for eskimi.com
2025-08-28 21:09:54,067 - INFO - âœ… Comprehensive analysis completed for eskimi.com
2025-08-28 21:09:54,068 - INFO - âœ… Comprehensive analysis completed!
2025-08-28 21:09:54,068 - INFO - ðŸ”§ Debug: comprehensive_analysis_result keys: ['domain', 'timestamp', 'dns_records', 'subdomains', 'http_analysis', 'origin_detection', 'infrastructure_mapping', 'ssl_analysis', 'performance_metrics']
2025-08-28 21:09:54,068 - INFO - ðŸ”§ Debug: comprehensive_analysis_result size: 17596 chars
2025-08-28 21:09:54,068 - INFO - ðŸ”§ Debug: Attempting to save analysis results...
2025-08-28 21:09:54,081 - INFO - ðŸ”§ Debug: Imports successful
2025-08-28 21:09:54,082 - INFO - Loading official IP ranges...
2025-08-28 21:09:54,335 - INFO - âœ“ Loaded 9024 AWS IP ranges
2025-08-28 21:09:54,615 - INFO - âœ“ Loaded 22 Cloudflare IP ranges
2025-08-28 21:09:54,615 - INFO - âœ… VirusTotal API key configured successfully
2025-08-28 21:09:54,615 - INFO - ðŸš€ Provider Detector initialized with all modules
2025-08-28 21:09:54,615 - INFO - SSL Analysis integration initialized
2025-08-28 21:09:54,615 - INFO - âœ… SSL Certificate Analysis integration loaded
2025-08-28 21:09:54,615 - INFO - Enhanced DNS integration initialized with 1 resolvers
2025-08-28 21:09:54,615 - INFO - âœ… Enhanced DNS integration loaded
2025-08-28 21:09:54,615 - INFO - Geographic Intelligence integration initialized
2025-08-28 21:09:54,615 - INFO - âœ… Geographic Intelligence integration loaded
2025-08-28 21:09:54,615 - INFO - BGP Analysis integration initialized
2025-08-28 21:09:54,615 - INFO - âœ… BGP Analysis integration loaded
2025-08-28 21:09:54,615 - INFO - Hurricane Electric BGP integration initialized
2025-08-28 21:09:54,615 - INFO - âœ… Hurricane Electric BGP integration loaded
2025-08-28 21:09:54,615 - INFO - Threat Intelligence integration initialized
2025-08-28 21:09:54,615 - INFO - âœ… Threat Intelligence integration loaded
2025-08-28 21:09:54,615 - INFO - Advanced BGP Classifier initialized
2025-08-28 21:09:54,615 - INFO - âœ… Advanced BGP Classifier integration loaded
2025-08-28 21:09:54,615 - INFO - Shodan client initialized successfully
2025-08-28 21:09:54,615 - INFO - âœ… Shodan Premium WAF integration loaded
2025-08-28 21:09:54,615 - INFO - ðŸš€ Enhanced Provider Detector initialized with all FREE integrations
2025-08-28 21:09:54,615 - INFO - âœ… Available enhancements: ['SSL Analysis', 'Enhanced DNS', 'Geographic Intelligence', 'BGP Analysis', 'Hurricane Electric BGP', 'Threat Intelligence', 'Advanced BGP Classifier', 'Shodan Premium WAF']
2025-08-28 21:09:54,615 - INFO - ðŸ”§ Debug: Detector instance created
2025-08-28 21:09:54,617 - INFO - ðŸ”§ Debug: Combined result created with 259260 chars
2025-08-28 21:09:54,624 - INFO - âœ… Analysis results saved to backend: analysis_eskimi_com_20250828_210954.json, summary_eskimi_com_20250828_210954.csv
2025-08-28 21:09:54,625 - INFO - âœ… Analysis results saved to backend: analysis_eskimi_com_20250828_210954.json, summary_eskimi_com_20250828_210954.csv
